-------------------------------------------------------------------------------
Test set: Home page validation
-------------------------------------------------------------------------------
Tests run: 3, Failures: 0, Errors: 3, Skipped: 0, Time elapsed: 500.53 s <<< FAILURE! - in Home page validation
Home page validation.Login with valid credentials to check QuickLanuch options  - Feature 2, Scenario -1 #1  Time elapsed: 424.877 s  <<< ERROR!
org.openqa.selenium.TimeoutException: 
TimedPromise timed out after 300000 ms
Build info: version: '3.141.59', revision: 'e82be7d358', time: '2018-11-14T08:17:03'
System info: host: 'DESKTOP-Q6N4J46', ip: '10.134.112.227', os.name: 'Windows 11', os.arch: 'amd64', os.version: '10.0', java.version: '17.0.4.1'
Driver info: org.openqa.selenium.firefox.FirefoxDriver
Capabilities {acceptInsecureCerts: true, browserName: firefox, browserVersion: 107.0, javascriptEnabled: true, moz:accessibilityChecks: false, moz:buildID: 20221110173214, moz:geckodriverVersion: 0.32.0, moz:headless: false, moz:platformVersion: 10.0, moz:processID: 26340, moz:profile: C:\Users\Admin\AppData\Loca..., moz:shutdownTimeout: 60000, moz:useNonSpecCompliantPointerOrigin: false, moz:webdriverClick: true, moz:windowless: false, pageLoadStrategy: normal, platform: WINDOWS, platformName: WINDOWS, proxy: Proxy(), setWindowRect: true, strictFileInteractability: false, timeouts: {implicit: 0, pageLoad: 300000, script: 30000}, unhandledPromptBehavior: dismiss and notify}
Session ID: 032d9ae2-88b0-4ee3-b886-03fb50a020f9

Home page validation.Login with valid credentials to check QuickLanuch options  - Feature 2, Scenario -1 #2  Time elapsed: 64.93 s  <<< ERROR!
org.openqa.selenium.WebDriverException: 
Failed to decode response from marionette
Build info: version: '3.141.59', revision: 'e82be7d358', time: '2018-11-14T08:17:03'
System info: host: 'DESKTOP-Q6N4J46', ip: '10.134.112.227', os.name: 'Windows 11', os.arch: 'amd64', os.version: '10.0', java.version: '17.0.4.1'
Driver info: org.openqa.selenium.firefox.FirefoxDriver
Capabilities {acceptInsecureCerts: true, browserName: firefox, browserVersion: 107.0, javascriptEnabled: true, moz:accessibilityChecks: false, moz:buildID: 20221110173214, moz:geckodriverVersion: 0.32.0, moz:headless: false, moz:platformVersion: 10.0, moz:processID: 23084, moz:profile: C:\Users\Admin\AppData\Loca..., moz:shutdownTimeout: 60000, moz:useNonSpecCompliantPointerOrigin: false, moz:webdriverClick: true, moz:windowless: false, pageLoadStrategy: normal, platform: WINDOWS, platformName: WINDOWS, proxy: Proxy(), setWindowRect: true, strictFileInteractability: false, timeouts: {implicit: 0, pageLoad: 300000, script: 30000}, unhandledPromptBehavior: dismiss and notify}
Session ID: db6b10a0-c08e-454b-b8f2-05d1da6c6452
*** Element info: {Using=name, value=txtUsername}

Home page validation.Login with valid credentials to check Manu Options - Feature 2, Scenario -2  Time elapsed: 10.722 s  <<< ERROR!
org.openqa.selenium.WebDriverException: 
Failed to decode response from marionette
Build info: version: '3.141.59', revision: 'e82be7d358', time: '2018-11-14T08:17:03'
System info: host: 'DESKTOP-Q6N4J46', ip: '10.134.112.227', os.name: 'Windows 11', os.arch: 'amd64', os.version: '10.0', java.version: '17.0.4.1'
Driver info: org.openqa.selenium.firefox.FirefoxDriver
Capabilities {acceptInsecureCerts: true, browserName: firefox, browserVersion: 107.0, javascriptEnabled: true, moz:accessibilityChecks: false, moz:buildID: 20221110173214, moz:geckodriverVersion: 0.32.0, moz:headless: false, moz:platformVersion: 10.0, moz:processID: 12424, moz:profile: C:\Users\Admin\AppData\Loca..., moz:shutdownTimeout: 60000, moz:useNonSpecCompliantPointerOrigin: false, moz:webdriverClick: true, moz:windowless: false, pageLoadStrategy: normal, platform: WINDOWS, platformName: WINDOWS, proxy: Proxy(), setWindowRect: true, strictFileInteractability: false, timeouts: {implicit: 0, pageLoad: 300000, script: 30000}, unhandledPromptBehavior: dismiss and notify}
Session ID: 6f1ac4c3-323f-4b75-a4df-414c90744d38
*** Element info: {Using=name, value=txtUsername}

